<?xml version="1.0" encoding="utf-8" ?>
<!DOCTYPE html PUBLIC "-//W3C//DTD XHTML 1.0 Strict//EN"
        "http://www.w3.org/TR/xhtml1/DTD/xhtml1-strict.dtd">
<html xmlns="http://www.w3.org/1999/xhtml" xml:lang="" lang="">
<head>
  <title>Test Results Report - D:/demo/auto-autotest</title>
  <meta http-equiv="Content-Type" content="text/html;charset=utf-8" />
  <meta name="description" content="TestNG unit test results." />
  <link href="reportng.css" rel="stylesheet" type="text/css" />
    <script type="text/javascript" src="reportng.js"></script>
</head>
<body>
<h1>D:/demo/auto-autotest</h1>
<p>
  Test duration: 24.431s
</p>

  <table class="resultsTable configTable">
    <tr><th colspan="3" class="header failedConfig">Failed Configuration</th></tr>
              <tr class="group">
        <td colspan="3">com.test.cases.LoginCase</td>
      </tr>
            
<tr>
  <td class="method">
                  tearDown
      </td>
  <td class="duration">
    0.000s
  </td>
  <td class="result">
        
    
        

        <a href="javascript:toggleElement('exception-0', 'block')" title="Click to expand/collapse"><b>org.openqa.selenium.remote.UnreachableBrowserException: Error communicating with the remote browser. It may have died.<br/>
Build info: version: &apos;3.4.0&apos;, revision: &apos;unknown&apos;, time: &apos;unknown&apos;<br/>
System info: host: &apos;DESKTOP-K8RT6TV&apos;, ip: &apos;192.168.124.10&apos;, os.name: &apos;Windows 10&apos;, os.arch: &apos;amd64&apos;, os.version: &apos;10.0&apos;, java.version: &apos;17.0.2&apos;<br/>
Driver info: driver.version: RemoteWebDriver<br/>
Capabilities [{networkConnectionEnabled=false, chrome={chromedriverVersion=100.0.4896.20 (f9d71f93d32a6487809d6f35a9670c879fe97dfe-refs/branch-heads/4896@{#203}), userDataDir=C:\Users\我太难了\AppData\Local\Temp\scoped_dir8668_1666007135}, timeouts={implicit=0.0, pageLoad=300000.0, script=30000.0}, pageLoadStrategy=normal, unhandledPromptBehavior=dismiss and notify, strictFileInteractability=false, platform=ANY, proxy=Proxy(), goog:chromeOptions={debuggerAddress=localhost:64704}, webauthn:extension:credBlob=true, acceptInsecureCerts=false, browserVersion=100.0.4896.127, browserName=chrome, javascriptEnabled=true, platformName=windows, setWindowRect=true, webauthn:extension:largeBlob=true, webauthn:virtualAuthenticators=true}]<br/>
Session ID: 3d1b9111135edad58063e5a62b0e6737</b></a><br />
    <div class="stackTrace" id="exception-0">
              org.openqa.selenium.remote.RemoteWebDriver.execute(RemoteWebDriver.java:658)<br />
              org.openqa.selenium.remote.RemoteWebDriver.execute(RemoteWebDriver.java:694)<br />
              org.openqa.selenium.remote.RemoteWebDriver.quit(RemoteWebDriver.java:533)<br />
              com.test.cases.LoginCase.tearDown(LoginCase.java:85)<br />
              java.base/jdk.internal.reflect.NativeMethodAccessorImpl.invoke0(Native Method)<br />
              java.base/jdk.internal.reflect.NativeMethodAccessorImpl.invoke(NativeMethodAccessorImpl.java:77)<br />
              java.base/jdk.internal.reflect.DelegatingMethodAccessorImpl.invoke(DelegatingMethodAccessorImpl.java:43)<br />
              java.base/java.lang.reflect.Method.invoke(Method.java:568)<br />
              org.testng.internal.MethodInvocationHelper.invokeMethod(MethodInvocationHelper.java:104)<br />
              org.testng.internal.Invoker.invokeConfigurationMethod(Invoker.java:515)<br />
              org.testng.internal.Invoker.invokeConfigurations(Invoker.java:217)<br />
              org.testng.internal.Invoker.invokeConfigurations(Invoker.java:144)<br />
              org.testng.internal.TestMethodWorker.invokeAfterClassMethods(TestMethodWorker.java:217)<br />
              org.testng.internal.TestMethodWorker.run(TestMethodWorker.java:115)<br />
              org.testng.TestRunner.privateRun(TestRunner.java:756)<br />
              org.testng.TestRunner.run(TestRunner.java:610)<br />
              org.testng.SuiteRunner.runTest(SuiteRunner.java:387)<br />
              org.testng.SuiteRunner.runSequentially(SuiteRunner.java:382)<br />
              org.testng.SuiteRunner.privateRun(SuiteRunner.java:340)<br />
              org.testng.SuiteRunner.run(SuiteRunner.java:289)<br />
              org.testng.SuiteRunnerWorker.runSuite(SuiteRunnerWorker.java:52)<br />
              org.testng.SuiteRunnerWorker.run(SuiteRunnerWorker.java:86)<br />
              org.testng.TestNG.runSuitesSequentially(TestNG.java:1293)<br />
              org.testng.TestNG.runSuitesLocally(TestNG.java:1218)<br />
              org.testng.TestNG.runSuites(TestNG.java:1133)<br />
              org.testng.TestNG.run(TestNG.java:1104)<br />
              com.intellij.rt.testng.IDEARemoteTestNG.run(IDEARemoteTestNG.java:66)<br />
              com.intellij.rt.testng.RemoteTestNGStarter.main(RemoteTestNGStarter.java:109)<br />
                    <b>Caused by: </b> <a href="javascript:toggleElement('exception-1', 'block')" title="Click to expand/collapse">java.lang.RuntimeException: Process refused to die after 10 seconds, and couldn&apos;t taskkill it: Couldn&apos;t detect pid</a><br />
        <div class="stackTrace" id="exception-1">
                      org.openqa.selenium.os.ProcessUtils.killWinProcess(ProcessUtils.java:133)<br />
                      org.openqa.selenium.os.ProcessUtils.killProcess(ProcessUtils.java:81)<br />
                      org.openqa.selenium.os.UnixProcess$SeleniumWatchDog.destroyHarder(UnixProcess.java:246)<br />
                      org.openqa.selenium.os.UnixProcess$SeleniumWatchDog.access$200(UnixProcess.java:200)<br />
                      org.openqa.selenium.os.UnixProcess.destroy(UnixProcess.java:126)<br />
                      org.openqa.selenium.os.CommandLine.destroy(CommandLine.java:153)<br />
                      org.openqa.selenium.remote.service.DriverService.stop(DriverService.java:221)<br />
                      org.openqa.selenium.remote.service.DriverCommandExecutor.execute(DriverCommandExecutor.java:94)<br />
                      org.openqa.selenium.remote.RemoteWebDriver.execute(RemoteWebDriver.java:637)<br />
                      org.openqa.selenium.remote.RemoteWebDriver.execute(RemoteWebDriver.java:694)<br />
                      org.openqa.selenium.remote.RemoteWebDriver.quit(RemoteWebDriver.java:533)<br />
                      com.test.cases.LoginCase.tearDown(LoginCase.java:85)<br />
                      java.base/jdk.internal.reflect.NativeMethodAccessorImpl.invoke0(Native Method)<br />
                      java.base/jdk.internal.reflect.NativeMethodAccessorImpl.invoke(NativeMethodAccessorImpl.java:77)<br />
                      java.base/jdk.internal.reflect.DelegatingMethodAccessorImpl.invoke(DelegatingMethodAccessorImpl.java:43)<br />
                      java.base/java.lang.reflect.Method.invoke(Method.java:568)<br />
                      org.testng.internal.MethodInvocationHelper.invokeMethod(MethodInvocationHelper.java:104)<br />
                      org.testng.internal.Invoker.invokeConfigurationMethod(Invoker.java:515)<br />
                      org.testng.internal.Invoker.invokeConfigurations(Invoker.java:217)<br />
                      org.testng.internal.Invoker.invokeConfigurations(Invoker.java:144)<br />
                      org.testng.internal.TestMethodWorker.invokeAfterClassMethods(TestMethodWorker.java:217)<br />
                      org.testng.internal.TestMethodWorker.run(TestMethodWorker.java:115)<br />
                      org.testng.TestRunner.privateRun(TestRunner.java:756)<br />
                      org.testng.TestRunner.run(TestRunner.java:610)<br />
                      org.testng.SuiteRunner.runTest(SuiteRunner.java:387)<br />
                      org.testng.SuiteRunner.runSequentially(SuiteRunner.java:382)<br />
                      org.testng.SuiteRunner.privateRun(SuiteRunner.java:340)<br />
                      org.testng.SuiteRunner.run(SuiteRunner.java:289)<br />
                      org.testng.SuiteRunnerWorker.runSuite(SuiteRunnerWorker.java:52)<br />
                      org.testng.SuiteRunnerWorker.run(SuiteRunnerWorker.java:86)<br />
                      org.testng.TestNG.runSuitesSequentially(TestNG.java:1293)<br />
                      org.testng.TestNG.runSuitesLocally(TestNG.java:1218)<br />
                      org.testng.TestNG.runSuites(TestNG.java:1133)<br />
                      org.testng.TestNG.run(TestNG.java:1104)<br />
                      com.intellij.rt.testng.IDEARemoteTestNG.run(IDEARemoteTestNG.java:66)<br />
                      com.intellij.rt.testng.RemoteTestNGStarter.main(RemoteTestNGStarter.java:109)<br />
                  </div>
              <b>Caused by: </b> <a href="javascript:toggleElement('exception-2', 'block')" title="Click to expand/collapse">java.lang.RuntimeException: Couldn&apos;t detect pid</a><br />
        <div class="stackTrace" id="exception-2">
                      org.openqa.selenium.os.ProcessUtils.getProcessId(ProcessUtils.java:195)<br />
                      org.openqa.selenium.os.ProcessUtils.killWinProcess(ProcessUtils.java:128)<br />
                      org.openqa.selenium.os.ProcessUtils.killProcess(ProcessUtils.java:81)<br />
                      org.openqa.selenium.os.UnixProcess$SeleniumWatchDog.destroyHarder(UnixProcess.java:246)<br />
                      org.openqa.selenium.os.UnixProcess$SeleniumWatchDog.access$200(UnixProcess.java:200)<br />
                      org.openqa.selenium.os.UnixProcess.destroy(UnixProcess.java:126)<br />
                      org.openqa.selenium.os.CommandLine.destroy(CommandLine.java:153)<br />
                      org.openqa.selenium.remote.service.DriverService.stop(DriverService.java:221)<br />
                      org.openqa.selenium.remote.service.DriverCommandExecutor.execute(DriverCommandExecutor.java:94)<br />
                      org.openqa.selenium.remote.RemoteWebDriver.execute(RemoteWebDriver.java:637)<br />
                      org.openqa.selenium.remote.RemoteWebDriver.execute(RemoteWebDriver.java:694)<br />
                      org.openqa.selenium.remote.RemoteWebDriver.quit(RemoteWebDriver.java:533)<br />
                      com.test.cases.LoginCase.tearDown(LoginCase.java:85)<br />
                      java.base/jdk.internal.reflect.NativeMethodAccessorImpl.invoke0(Native Method)<br />
                      java.base/jdk.internal.reflect.NativeMethodAccessorImpl.invoke(NativeMethodAccessorImpl.java:77)<br />
                      java.base/jdk.internal.reflect.DelegatingMethodAccessorImpl.invoke(DelegatingMethodAccessorImpl.java:43)<br />
                      java.base/java.lang.reflect.Method.invoke(Method.java:568)<br />
                      org.testng.internal.MethodInvocationHelper.invokeMethod(MethodInvocationHelper.java:104)<br />
                      org.testng.internal.Invoker.invokeConfigurationMethod(Invoker.java:515)<br />
                      org.testng.internal.Invoker.invokeConfigurations(Invoker.java:217)<br />
                      org.testng.internal.Invoker.invokeConfigurations(Invoker.java:144)<br />
                      org.testng.internal.TestMethodWorker.invokeAfterClassMethods(TestMethodWorker.java:217)<br />
                      org.testng.internal.TestMethodWorker.run(TestMethodWorker.java:115)<br />
                      org.testng.TestRunner.privateRun(TestRunner.java:756)<br />
                      org.testng.TestRunner.run(TestRunner.java:610)<br />
                      org.testng.SuiteRunner.runTest(SuiteRunner.java:387)<br />
                      org.testng.SuiteRunner.runSequentially(SuiteRunner.java:382)<br />
                      org.testng.SuiteRunner.privateRun(SuiteRunner.java:340)<br />
                      org.testng.SuiteRunner.run(SuiteRunner.java:289)<br />
                      org.testng.SuiteRunnerWorker.runSuite(SuiteRunnerWorker.java:52)<br />
                      org.testng.SuiteRunnerWorker.run(SuiteRunnerWorker.java:86)<br />
                      org.testng.TestNG.runSuitesSequentially(TestNG.java:1293)<br />
                      org.testng.TestNG.runSuitesLocally(TestNG.java:1218)<br />
                      org.testng.TestNG.runSuites(TestNG.java:1133)<br />
                      org.testng.TestNG.run(TestNG.java:1104)<br />
                      com.intellij.rt.testng.IDEARemoteTestNG.run(IDEARemoteTestNG.java:66)<br />
                      com.intellij.rt.testng.RemoteTestNGStarter.main(RemoteTestNGStarter.java:109)<br />
                  </div>
              <b>Caused by: </b> <a href="javascript:toggleElement('exception-3', 'block')" title="Click to expand/collapse">java.lang.reflect.InaccessibleObjectException: Unable to make field private final long java.lang.ProcessImpl.handle accessible: module java.base does not &quot;opens java.lang&quot; to unnamed module @66048bfd</a><br />
        <div class="stackTrace" id="exception-3">
                      java.base/java.lang.reflect.AccessibleObject.checkCanSetAccessible(AccessibleObject.java:354)<br />
                      java.base/java.lang.reflect.AccessibleObject.checkCanSetAccessible(AccessibleObject.java:297)<br />
                      java.base/java.lang.reflect.Field.checkCanSetAccessible(Field.java:178)<br />
                      java.base/java.lang.reflect.Field.setAccessible(Field.java:172)<br />
                      org.openqa.selenium.os.ProcessUtils.getProcessId(ProcessUtils.java:181)<br />
                      org.openqa.selenium.os.ProcessUtils.killWinProcess(ProcessUtils.java:128)<br />
                      org.openqa.selenium.os.ProcessUtils.killProcess(ProcessUtils.java:81)<br />
                      org.openqa.selenium.os.UnixProcess$SeleniumWatchDog.destroyHarder(UnixProcess.java:246)<br />
                      org.openqa.selenium.os.UnixProcess$SeleniumWatchDog.access$200(UnixProcess.java:200)<br />
                      org.openqa.selenium.os.UnixProcess.destroy(UnixProcess.java:126)<br />
                      org.openqa.selenium.os.CommandLine.destroy(CommandLine.java:153)<br />
                      org.openqa.selenium.remote.service.DriverService.stop(DriverService.java:221)<br />
                      org.openqa.selenium.remote.service.DriverCommandExecutor.execute(DriverCommandExecutor.java:94)<br />
                      org.openqa.selenium.remote.RemoteWebDriver.execute(RemoteWebDriver.java:637)<br />
                      org.openqa.selenium.remote.RemoteWebDriver.execute(RemoteWebDriver.java:694)<br />
                      org.openqa.selenium.remote.RemoteWebDriver.quit(RemoteWebDriver.java:533)<br />
                      com.test.cases.LoginCase.tearDown(LoginCase.java:85)<br />
                      java.base/jdk.internal.reflect.NativeMethodAccessorImpl.invoke0(Native Method)<br />
                      java.base/jdk.internal.reflect.NativeMethodAccessorImpl.invoke(NativeMethodAccessorImpl.java:77)<br />
                      java.base/jdk.internal.reflect.DelegatingMethodAccessorImpl.invoke(DelegatingMethodAccessorImpl.java:43)<br />
                      java.base/java.lang.reflect.Method.invoke(Method.java:568)<br />
                      org.testng.internal.MethodInvocationHelper.invokeMethod(MethodInvocationHelper.java:104)<br />
                      org.testng.internal.Invoker.invokeConfigurationMethod(Invoker.java:515)<br />
                      org.testng.internal.Invoker.invokeConfigurations(Invoker.java:217)<br />
                      org.testng.internal.Invoker.invokeConfigurations(Invoker.java:144)<br />
                      org.testng.internal.TestMethodWorker.invokeAfterClassMethods(TestMethodWorker.java:217)<br />
                      org.testng.internal.TestMethodWorker.run(TestMethodWorker.java:115)<br />
                      org.testng.TestRunner.privateRun(TestRunner.java:756)<br />
                      org.testng.TestRunner.run(TestRunner.java:610)<br />
                      org.testng.SuiteRunner.runTest(SuiteRunner.java:387)<br />
                      org.testng.SuiteRunner.runSequentially(SuiteRunner.java:382)<br />
                      org.testng.SuiteRunner.privateRun(SuiteRunner.java:340)<br />
                      org.testng.SuiteRunner.run(SuiteRunner.java:289)<br />
                      org.testng.SuiteRunnerWorker.runSuite(SuiteRunnerWorker.java:52)<br />
                      org.testng.SuiteRunnerWorker.run(SuiteRunnerWorker.java:86)<br />
                      org.testng.TestNG.runSuitesSequentially(TestNG.java:1293)<br />
                      org.testng.TestNG.runSuitesLocally(TestNG.java:1218)<br />
                      org.testng.TestNG.runSuites(TestNG.java:1133)<br />
                      org.testng.TestNG.run(TestNG.java:1104)<br />
                      com.intellij.rt.testng.IDEARemoteTestNG.run(IDEARemoteTestNG.java:66)<br />
                      com.intellij.rt.testng.RemoteTestNGStarter.main(RemoteTestNGStarter.java:109)<br />
                  </div>
          </div>
      </td>
</tr>
    
      </table>




  <table class="resultsTable">
    <tr><th colspan="3" class="header passed">Passed Tests</th></tr>
          <tr>
        <td colspan="3" class="group">com.test.cases.LoginCase</td>
      </tr>
            
<tr>
  <td class="method">
                  LoginTest
      </td>
  <td class="duration">
    11.938s
  </td>
  <td class="result">
        
          <i>Method arguments: </i><span class="arguments">"你好呀", "ABC"</span><br />
    
            <div class="testOutput">
                        测试用例：登录<br />
                  </div>
    

      </td>
</tr>
<tr>
  <td class="method">
                  LoginTest
      </td>
  <td class="duration">
    11.373s
  </td>
  <td class="result">
        
          <i>Method arguments: </i><span class="arguments">"13470019021", "gxq960126"</span><br />
    
            <div class="testOutput">
                        测试用例：登录<br />
                  </div>
    

      </td>
</tr>
      </table>
  
</body>
</html>
