<?xml version="1.0" encoding="UTF-8"?>
<testsuite name="D:/demo/auto-autotest"
           tests="3"
           failures="1"
           errors="0"
           skipped="0"
           time="23.311">
  <properties />
            <testcase name="tearDown" time="0.000" classname="com.test.cases.LoginCase">
                <failure type="org.openqa.selenium.remote.UnreachableBrowserException"
                  message="Error communicating with the remote browser. It may have died.
Build info: version: &apos;3.4.0&apos;, revision: &apos;unknown&apos;, time: &apos;unknown&apos;
System info: host: &apos;DESKTOP-K8RT6TV&apos;, ip: &apos;192.168.124.10&apos;, os.name: &apos;Windows 10&apos;, os.arch: &apos;amd64&apos;, os.version: &apos;10.0&apos;, java.version: &apos;17.0.2&apos;
Driver info: driver.version: RemoteWebDriver
Capabilities [{networkConnectionEnabled=false, chrome={chromedriverVersion=100.0.4896.20 (f9d71f93d32a6487809d6f35a9670c879fe97dfe-refs/branch-heads/4896@{#203}), userDataDir=C:\Users\我太难了\AppData\Local\Temp\scoped_dir8668_1666007135}, timeouts={implicit=0.0, pageLoad=300000.0, script=30000.0}, pageLoadStrategy=normal, unhandledPromptBehavior=dismiss and notify, strictFileInteractability=false, platform=ANY, proxy=Proxy(), goog:chromeOptions={debuggerAddress=localhost:64704}, webauthn:extension:credBlob=true, acceptInsecureCerts=false, browserVersion=100.0.4896.127, browserName=chrome, javascriptEnabled=true, platformName=windows, setWindowRect=true, webauthn:extension:largeBlob=true, webauthn:virtualAuthenticators=true}]
Session ID: 3d1b9111135edad58063e5a62b0e6737"
              >
<![CDATA[org.openqa.selenium.remote.UnreachableBrowserException: Error communicating with the remote browser. It may have died.
Build info: version: '3.4.0', revision: 'unknown', time: 'unknown'
System info: host: 'DESKTOP-K8RT6TV', ip: '192.168.124.10', os.name: 'Windows 10', os.arch: 'amd64', os.version: '10.0', java.version: '17.0.2'
Driver info: driver.version: RemoteWebDriver
Capabilities [{networkConnectionEnabled=false, chrome={chromedriverVersion=100.0.4896.20 (f9d71f93d32a6487809d6f35a9670c879fe97dfe-refs/branch-heads/4896@{#203}), userDataDir=C:\Users\我太难了\AppData\Local\Temp\scoped_dir8668_1666007135}, timeouts={implicit=0.0, pageLoad=300000.0, script=30000.0}, pageLoadStrategy=normal, unhandledPromptBehavior=dismiss and notify, strictFileInteractability=false, platform=ANY, proxy=Proxy(), goog:chromeOptions={debuggerAddress=localhost:64704}, webauthn:extension:credBlob=true, acceptInsecureCerts=false, browserVersion=100.0.4896.127, browserName=chrome, javascriptEnabled=true, platformName=windows, setWindowRect=true, webauthn:extension:largeBlob=true, webauthn:virtualAuthenticators=true}]
Session ID: 3d1b9111135edad58063e5a62b0e6737
  org.openqa.selenium.remote.RemoteWebDriver.execute(RemoteWebDriver.java:658)
  org.openqa.selenium.remote.RemoteWebDriver.execute(RemoteWebDriver.java:694)
  org.openqa.selenium.remote.RemoteWebDriver.quit(RemoteWebDriver.java:533)
  com.test.cases.LoginCase.tearDown(LoginCase.java:85)
  java.base/jdk.internal.reflect.NativeMethodAccessorImpl.invoke0(Native Method)
  java.base/jdk.internal.reflect.NativeMethodAccessorImpl.invoke(NativeMethodAccessorImpl.java:77)
  java.base/jdk.internal.reflect.DelegatingMethodAccessorImpl.invoke(DelegatingMethodAccessorImpl.java:43)
  java.base/java.lang.reflect.Method.invoke(Method.java:568)
  org.testng.internal.MethodInvocationHelper.invokeMethod(MethodInvocationHelper.java:104)
  org.testng.internal.Invoker.invokeConfigurationMethod(Invoker.java:515)
  org.testng.internal.Invoker.invokeConfigurations(Invoker.java:217)
  org.testng.internal.Invoker.invokeConfigurations(Invoker.java:144)
  org.testng.internal.TestMethodWorker.invokeAfterClassMethods(TestMethodWorker.java:217)
  org.testng.internal.TestMethodWorker.run(TestMethodWorker.java:115)
  org.testng.TestRunner.privateRun(TestRunner.java:756)
  org.testng.TestRunner.run(TestRunner.java:610)
  org.testng.SuiteRunner.runTest(SuiteRunner.java:387)
  org.testng.SuiteRunner.runSequentially(SuiteRunner.java:382)
  org.testng.SuiteRunner.privateRun(SuiteRunner.java:340)
  org.testng.SuiteRunner.run(SuiteRunner.java:289)
  org.testng.SuiteRunnerWorker.runSuite(SuiteRunnerWorker.java:52)
  org.testng.SuiteRunnerWorker.run(SuiteRunnerWorker.java:86)
  org.testng.TestNG.runSuitesSequentially(TestNG.java:1293)
  org.testng.TestNG.runSuitesLocally(TestNG.java:1218)
  org.testng.TestNG.runSuites(TestNG.java:1133)
  org.testng.TestNG.run(TestNG.java:1104)
  com.intellij.rt.testng.IDEARemoteTestNG.run(IDEARemoteTestNG.java:66)
  com.intellij.rt.testng.RemoteTestNGStarter.main(RemoteTestNGStarter.java:109)
Caused by: java.lang.RuntimeException: Process refused to die after 10 seconds, and couldn't taskkill it: Couldn't detect pid
  org.openqa.selenium.os.ProcessUtils.killWinProcess(ProcessUtils.java:133)
  org.openqa.selenium.os.ProcessUtils.killProcess(ProcessUtils.java:81)
  org.openqa.selenium.os.UnixProcess$SeleniumWatchDog.destroyHarder(UnixProcess.java:246)
  org.openqa.selenium.os.UnixProcess$SeleniumWatchDog.access$200(UnixProcess.java:200)
  org.openqa.selenium.os.UnixProcess.destroy(UnixProcess.java:126)
  org.openqa.selenium.os.CommandLine.destroy(CommandLine.java:153)
  org.openqa.selenium.remote.service.DriverService.stop(DriverService.java:221)
  org.openqa.selenium.remote.service.DriverCommandExecutor.execute(DriverCommandExecutor.java:94)
  org.openqa.selenium.remote.RemoteWebDriver.execute(RemoteWebDriver.java:637)
  org.openqa.selenium.remote.RemoteWebDriver.execute(RemoteWebDriver.java:694)
  org.openqa.selenium.remote.RemoteWebDriver.quit(RemoteWebDriver.java:533)
  com.test.cases.LoginCase.tearDown(LoginCase.java:85)
  java.base/jdk.internal.reflect.NativeMethodAccessorImpl.invoke0(Native Method)
  java.base/jdk.internal.reflect.NativeMethodAccessorImpl.invoke(NativeMethodAccessorImpl.java:77)
  java.base/jdk.internal.reflect.DelegatingMethodAccessorImpl.invoke(DelegatingMethodAccessorImpl.java:43)
  java.base/java.lang.reflect.Method.invoke(Method.java:568)
  org.testng.internal.MethodInvocationHelper.invokeMethod(MethodInvocationHelper.java:104)
  org.testng.internal.Invoker.invokeConfigurationMethod(Invoker.java:515)
  org.testng.internal.Invoker.invokeConfigurations(Invoker.java:217)
  org.testng.internal.Invoker.invokeConfigurations(Invoker.java:144)
  org.testng.internal.TestMethodWorker.invokeAfterClassMethods(TestMethodWorker.java:217)
  org.testng.internal.TestMethodWorker.run(TestMethodWorker.java:115)
  org.testng.TestRunner.privateRun(TestRunner.java:756)
  org.testng.TestRunner.run(TestRunner.java:610)
  org.testng.SuiteRunner.runTest(SuiteRunner.java:387)
  org.testng.SuiteRunner.runSequentially(SuiteRunner.java:382)
  org.testng.SuiteRunner.privateRun(SuiteRunner.java:340)
  org.testng.SuiteRunner.run(SuiteRunner.java:289)
  org.testng.SuiteRunnerWorker.runSuite(SuiteRunnerWorker.java:52)
  org.testng.SuiteRunnerWorker.run(SuiteRunnerWorker.java:86)
  org.testng.TestNG.runSuitesSequentially(TestNG.java:1293)
  org.testng.TestNG.runSuitesLocally(TestNG.java:1218)
  org.testng.TestNG.runSuites(TestNG.java:1133)
  org.testng.TestNG.run(TestNG.java:1104)
  com.intellij.rt.testng.IDEARemoteTestNG.run(IDEARemoteTestNG.java:66)
  com.intellij.rt.testng.RemoteTestNGStarter.main(RemoteTestNGStarter.java:109)
Caused by: java.lang.RuntimeException: Couldn't detect pid
  org.openqa.selenium.os.ProcessUtils.getProcessId(ProcessUtils.java:195)
  org.openqa.selenium.os.ProcessUtils.killWinProcess(ProcessUtils.java:128)
  org.openqa.selenium.os.ProcessUtils.killProcess(ProcessUtils.java:81)
  org.openqa.selenium.os.UnixProcess$SeleniumWatchDog.destroyHarder(UnixProcess.java:246)
  org.openqa.selenium.os.UnixProcess$SeleniumWatchDog.access$200(UnixProcess.java:200)
  org.openqa.selenium.os.UnixProcess.destroy(UnixProcess.java:126)
  org.openqa.selenium.os.CommandLine.destroy(CommandLine.java:153)
  org.openqa.selenium.remote.service.DriverService.stop(DriverService.java:221)
  org.openqa.selenium.remote.service.DriverCommandExecutor.execute(DriverCommandExecutor.java:94)
  org.openqa.selenium.remote.RemoteWebDriver.execute(RemoteWebDriver.java:637)
  org.openqa.selenium.remote.RemoteWebDriver.execute(RemoteWebDriver.java:694)
  org.openqa.selenium.remote.RemoteWebDriver.quit(RemoteWebDriver.java:533)
  com.test.cases.LoginCase.tearDown(LoginCase.java:85)
  java.base/jdk.internal.reflect.NativeMethodAccessorImpl.invoke0(Native Method)
  java.base/jdk.internal.reflect.NativeMethodAccessorImpl.invoke(NativeMethodAccessorImpl.java:77)
  java.base/jdk.internal.reflect.DelegatingMethodAccessorImpl.invoke(DelegatingMethodAccessorImpl.java:43)
  java.base/java.lang.reflect.Method.invoke(Method.java:568)
  org.testng.internal.MethodInvocationHelper.invokeMethod(MethodInvocationHelper.java:104)
  org.testng.internal.Invoker.invokeConfigurationMethod(Invoker.java:515)
  org.testng.internal.Invoker.invokeConfigurations(Invoker.java:217)
  org.testng.internal.Invoker.invokeConfigurations(Invoker.java:144)
  org.testng.internal.TestMethodWorker.invokeAfterClassMethods(TestMethodWorker.java:217)
  org.testng.internal.TestMethodWorker.run(TestMethodWorker.java:115)
  org.testng.TestRunner.privateRun(TestRunner.java:756)
  org.testng.TestRunner.run(TestRunner.java:610)
  org.testng.SuiteRunner.runTest(SuiteRunner.java:387)
  org.testng.SuiteRunner.runSequentially(SuiteRunner.java:382)
  org.testng.SuiteRunner.privateRun(SuiteRunner.java:340)
  org.testng.SuiteRunner.run(SuiteRunner.java:289)
  org.testng.SuiteRunnerWorker.runSuite(SuiteRunnerWorker.java:52)
  org.testng.SuiteRunnerWorker.run(SuiteRunnerWorker.java:86)
  org.testng.TestNG.runSuitesSequentially(TestNG.java:1293)
  org.testng.TestNG.runSuitesLocally(TestNG.java:1218)
  org.testng.TestNG.runSuites(TestNG.java:1133)
  org.testng.TestNG.run(TestNG.java:1104)
  com.intellij.rt.testng.IDEARemoteTestNG.run(IDEARemoteTestNG.java:66)
  com.intellij.rt.testng.RemoteTestNGStarter.main(RemoteTestNGStarter.java:109)
Caused by: java.lang.reflect.InaccessibleObjectException: Unable to make field private final long java.lang.ProcessImpl.handle accessible: module java.base does not "opens java.lang" to unnamed module @66048bfd
  java.base/java.lang.reflect.AccessibleObject.checkCanSetAccessible(AccessibleObject.java:354)
  java.base/java.lang.reflect.AccessibleObject.checkCanSetAccessible(AccessibleObject.java:297)
  java.base/java.lang.reflect.Field.checkCanSetAccessible(Field.java:178)
  java.base/java.lang.reflect.Field.setAccessible(Field.java:172)
  org.openqa.selenium.os.ProcessUtils.getProcessId(ProcessUtils.java:181)
  org.openqa.selenium.os.ProcessUtils.killWinProcess(ProcessUtils.java:128)
  org.openqa.selenium.os.ProcessUtils.killProcess(ProcessUtils.java:81)
  org.openqa.selenium.os.UnixProcess$SeleniumWatchDog.destroyHarder(UnixProcess.java:246)
  org.openqa.selenium.os.UnixProcess$SeleniumWatchDog.access$200(UnixProcess.java:200)
  org.openqa.selenium.os.UnixProcess.destroy(UnixProcess.java:126)
  org.openqa.selenium.os.CommandLine.destroy(CommandLine.java:153)
  org.openqa.selenium.remote.service.DriverService.stop(DriverService.java:221)
  org.openqa.selenium.remote.service.DriverCommandExecutor.execute(DriverCommandExecutor.java:94)
  org.openqa.selenium.remote.RemoteWebDriver.execute(RemoteWebDriver.java:637)
  org.openqa.selenium.remote.RemoteWebDriver.execute(RemoteWebDriver.java:694)
  org.openqa.selenium.remote.RemoteWebDriver.quit(RemoteWebDriver.java:533)
  com.test.cases.LoginCase.tearDown(LoginCase.java:85)
  java.base/jdk.internal.reflect.NativeMethodAccessorImpl.invoke0(Native Method)
  java.base/jdk.internal.reflect.NativeMethodAccessorImpl.invoke(NativeMethodAccessorImpl.java:77)
  java.base/jdk.internal.reflect.DelegatingMethodAccessorImpl.invoke(DelegatingMethodAccessorImpl.java:43)
  java.base/java.lang.reflect.Method.invoke(Method.java:568)
  org.testng.internal.MethodInvocationHelper.invokeMethod(MethodInvocationHelper.java:104)
  org.testng.internal.Invoker.invokeConfigurationMethod(Invoker.java:515)
  org.testng.internal.Invoker.invokeConfigurations(Invoker.java:217)
  org.testng.internal.Invoker.invokeConfigurations(Invoker.java:144)
  org.testng.internal.TestMethodWorker.invokeAfterClassMethods(TestMethodWorker.java:217)
  org.testng.internal.TestMethodWorker.run(TestMethodWorker.java:115)
  org.testng.TestRunner.privateRun(TestRunner.java:756)
  org.testng.TestRunner.run(TestRunner.java:610)
  org.testng.SuiteRunner.runTest(SuiteRunner.java:387)
  org.testng.SuiteRunner.runSequentially(SuiteRunner.java:382)
  org.testng.SuiteRunner.privateRun(SuiteRunner.java:340)
  org.testng.SuiteRunner.run(SuiteRunner.java:289)
  org.testng.SuiteRunnerWorker.runSuite(SuiteRunnerWorker.java:52)
  org.testng.SuiteRunnerWorker.run(SuiteRunnerWorker.java:86)
  org.testng.TestNG.runSuitesSequentially(TestNG.java:1293)
  org.testng.TestNG.runSuitesLocally(TestNG.java:1218)
  org.testng.TestNG.runSuites(TestNG.java:1133)
  org.testng.TestNG.run(TestNG.java:1104)
  com.intellij.rt.testng.IDEARemoteTestNG.run(IDEARemoteTestNG.java:66)
  com.intellij.rt.testng.RemoteTestNGStarter.main(RemoteTestNGStarter.java:109)
]]>
      </failure>

          </testcase>
  
  
            <testcase name="LoginTest" time="11.373" classname="com.test.cases.LoginCase" />
                <testcase name="LoginTest" time="11.938" classname="com.test.cases.LoginCase" />
      
</testsuite>
